


ARM Macro Assembler    Page 1 


    1 00000000                 area             fibn, code, readonly
    2 00000000 E3A0000A        mov              r0,#10
    3 00000004 E3A01000        mov              r1,#0
    4 00000008 E3A02001        mov              r2,#1
    5 0000000C E59F5020        ldr              r5,=result
    6 00000010 E4851004        str              r1,[r5],#4
    7 00000014 E4852004        str              r2,[r5],#4
    8 00000018 E0813002 
                       loop    add              r3,r1,r2
    9 0000001C E4853004        str              r3,[r5],#4
   10 00000020 E1A01002        mov              r1,r2
   11 00000024 E1A02003        mov              r2,r3
   12 00000028 E2500001        subs             r0,r0,#1
   13 0000002C 1AFFFFF9        bne              loop
   14 00000030 EAFFFFFE 
                       done    b                done
   15 00000034 00000000        area             data2,data,readwrite
   16 00000000 00 00   result  dcw              0x0000
   17 00000002         end
   18 00000002         
   19 00000002         
                       
Command Line: --debug --xref --apcs=interwork --depend=fib.d -ofib.o -IC:\Keil\
ARM\RV31\Inc -IC:\Keil\ARM\CMSIS\Include -IC:\Keil\ARM\Inc\Philips --predefine=
"__EVAL SETA 1" --list=fib.lst fib.asm



ARM Macro Assembler    Page 1 Alphabetic symbol ordering
Relocatable symbols

done 00000030

Symbol: done
   Definitions
      At line 14 in file fib.asm
   Uses
      At line 14 in file fib.asm
Comment: done used once
fibn 00000000

Symbol: fibn
   Definitions
      At line 1 in file fib.asm
   Uses
      None
Comment: fibn unused
loop 00000018

Symbol: loop
   Definitions
      At line 8 in file fib.asm
   Uses
      At line 13 in file fib.asm
Comment: loop used once
3 symbols



ARM Macro Assembler    Page 1 Alphabetic symbol ordering
Relocatable symbols

data2 00000000

Symbol: data2
   Definitions
      At line 15 in file fib.asm
   Uses
      None
Comment: data2 unused
end 00000002

Symbol: end
   Definitions
      At line 17 in file fib.asm
   Uses
      None
Comment: end unused
result 00000000

Symbol: result
   Definitions
      At line 16 in file fib.asm
   Uses
      At line 5 in file fib.asm
Comment: result used once
3 symbols
339 symbols in table
