


ARM Macro Assembler    Page 1 


    1 00000000                 AREA             add,CODE,READONLY
    2 00000000 E3A00001        mov              r0, #1
    3 00000004 E1A01000        mov              r1,r0
    4 00000008 E1A02001        mov              r2,r1
    5 0000000C E1A03002        mov              r3,r2
    6 00000010 E1A04003        mov              r4,r3
    7 00000014 E1A05004        mov              r5,r4
    8 00000018 E1A06005        mov              r6,r5
    9 0000001C E1A07006        mov              r7,r6
   10 00000020 E1A08007        mov              r8,r7
   11 00000024 E1A09008        mov              r9,r8
   12 00000028 E1A0A009        mov              r10,r9
   13 0000002C E1A0B00A        mov              r11,r10
   14 00000030 E1A0C00B        mov              r12,r11
   15 00000034 E1A00000        NOP
   16 00000038 E1A00000        NOP
   17 0000003C E1A00000        NOP
   18 00000040                 END
Command Line: --debug --xref --apcs=interwork --depend=samenumbers.d -osamenumb
ers.o -IC:\Keil\ARM\RV31\Inc -IC:\Keil\ARM\CMSIS\Include -IC:\Keil\ARM\Inc\Phil
ips --predefine="__EVAL SETA 1" --list=samenumbers.lst samenumbers.asm



ARM Macro Assembler    Page 1 Alphabetic symbol ordering
Relocatable symbols

add 00000000

Symbol: add
   Definitions
      At line 1 in file samenumbers.asm
   Uses
      None
Comment: add unused
1 symbol
332 symbols in table
